d:\introduction_to_control\driver_cruise\driver_cruise\driver_cruise\release\vc142.pdb
d:\introduction_to_control\driver_cruise\driver_cruise\driver_cruise\release\driver_cruise.obj
c:\users\huawei\desktop\控制导论\driver_cruise\driver_cruise\release\vc142.pdb
c:\users\huawei\desktop\控制导论\driver_cruise\driver_cruise\release\driver_cruise.obj
c:\users\huawei\desktop\控制导论\cybertorcs_key\cybercruise\driver_cruise.lib
c:\users\huawei\desktop\控制导论\cybertorcs_key\cybercruise\driver_cruise.exp
d:\introduction_to_control\driver_cruise\cybertorcs_key\cybercruise\driver_cruise.lib
d:\introduction_to_control\driver_cruise\cybertorcs_key\cybercruise\driver_cruise.exp
d:\introduction_to_control\driver_cruise\cybertorcs_key\cybercruise\driver_cruise.dll
d:\introduction_to_control\driver_cruise\cybertorcs_key\cybercruise\driver_cruise.pdb
c:\users\huawei\desktop\控制导论\cybertorcs_key\cybercruise\driver_cruise.dll
c:\users\huawei\desktop\控制导论\cybertorcs_key\cybercruise\driver_cruise.pdb
c:\users\huawei\desktop\控制导论\driver_cruise\driver_cruise\release\driver_cruise.tlog\cl.command.1.tlog
c:\users\huawei\desktop\控制导论\driver_cruise\driver_cruise\release\driver_cruise.tlog\cl.read.1.tlog
c:\users\huawei\desktop\控制导论\driver_cruise\driver_cruise\release\driver_cruise.tlog\cl.write.1.tlog
c:\users\huawei\desktop\控制导论\driver_cruise\driver_cruise\release\driver_cruise.tlog\driver_cruise.write.1u.tlog
c:\users\huawei\desktop\控制导论\driver_cruise\driver_cruise\release\driver_cruise.tlog\link-cvtres.read.1.tlog
c:\users\huawei\desktop\控制导论\driver_cruise\driver_cruise\release\driver_cruise.tlog\link-cvtres.write.1.tlog
c:\users\huawei\desktop\控制导论\driver_cruise\driver_cruise\release\driver_cruise.tlog\link-rc.read.1.tlog
c:\users\huawei\desktop\控制导论\driver_cruise\driver_cruise\release\driver_cruise.tlog\link-rc.write.1.tlog
c:\users\huawei\desktop\控制导论\driver_cruise\driver_cruise\release\driver_cruise.tlog\link.command.1.tlog
c:\users\huawei\desktop\控制导论\driver_cruise\driver_cruise\release\driver_cruise.tlog\link.delete.1.tlog
c:\users\huawei\desktop\控制导论\driver_cruise\driver_cruise\release\driver_cruise.tlog\link.read.1.tlog
c:\users\huawei\desktop\控制导论\driver_cruise\driver_cruise\release\driver_cruise.tlog\link.write.1.tlog
